[2025-05-11T22:25:59.540Z] info: kubernetes.yaml was copied to the config folder
[2025-05-12T22:21:18.509Z] error: Host validation failed for: homepage.pf-info.duckdns.org. Hint: Set the HOMEPAGE_ALLOWED_HOSTS environment variable to allow requests from this host / port.
[2025-05-12T22:21:18.670Z] error: Host validation failed for: homepage.pf-info.duckdns.org. Hint: Set the HOMEPAGE_ALLOWED_HOSTS environment variable to allow requests from this host / port.
[2025-05-12T22:21:18.678Z] error: Host validation failed for: homepage.pf-info.duckdns.org. Hint: Set the HOMEPAGE_ALLOWED_HOSTS environment variable to allow requests from this host / port.
[2025-05-12T22:21:18.681Z] error: Host validation failed for: homepage.pf-info.duckdns.org. Hint: Set the HOMEPAGE_ALLOWED_HOSTS environment variable to allow requests from this host / port.
[2025-05-12T22:21:18.685Z] error: Host validation failed for: homepage.pf-info.duckdns.org. Hint: Set the HOMEPAGE_ALLOWED_HOSTS environment variable to allow requests from this host / port.
[2025-05-12T22:21:18.689Z] error: Host validation failed for: homepage.pf-info.duckdns.org. Hint: Set the HOMEPAGE_ALLOWED_HOSTS environment variable to allow requests from this host / port.
[2025-05-12T22:21:18.692Z] error: Host validation failed for: homepage.pf-info.duckdns.org. Hint: Set the HOMEPAGE_ALLOWED_HOSTS environment variable to allow requests from this host / port.
[2025-05-12T22:21:18.695Z] error: Host validation failed for: homepage.pf-info.duckdns.org. Hint: Set the HOMEPAGE_ALLOWED_HOSTS environment variable to allow requests from this host / port.
[2025-05-12T22:21:18.697Z] error: Host validation failed for: homepage.pf-info.duckdns.org. Hint: Set the HOMEPAGE_ALLOWED_HOSTS environment variable to allow requests from this host / port.
[2025-05-12T22:21:18.703Z] error: Host validation failed for: homepage.pf-info.duckdns.org. Hint: Set the HOMEPAGE_ALLOWED_HOSTS environment variable to allow requests from this host / port.
[2025-05-12T22:21:18.733Z] error: Host validation failed for: homepage.pf-info.duckdns.org. Hint: Set the HOMEPAGE_ALLOWED_HOSTS environment variable to allow requests from this host / port.
[2025-05-12T22:21:18.749Z] error: Host validation failed for: homepage.pf-info.duckdns.org. Hint: Set the HOMEPAGE_ALLOWED_HOSTS environment variable to allow requests from this host / port.
[2025-05-12T22:21:31.735Z] error: Host validation failed for: homepage.pf-info.duckdns.org. Hint: Set the HOMEPAGE_ALLOWED_HOSTS environment variable to allow requests from this host / port.
[2025-05-12T22:21:31.828Z] error: Host validation failed for: homepage.pf-info.duckdns.org. Hint: Set the HOMEPAGE_ALLOWED_HOSTS environment variable to allow requests from this host / port.
[2025-05-12T22:21:31.838Z] error: Host validation failed for: homepage.pf-info.duckdns.org. Hint: Set the HOMEPAGE_ALLOWED_HOSTS environment variable to allow requests from this host / port.
[2025-05-12T22:21:31.846Z] error: Host validation failed for: homepage.pf-info.duckdns.org. Hint: Set the HOMEPAGE_ALLOWED_HOSTS environment variable to allow requests from this host / port.
[2025-05-12T22:21:31.852Z] error: Host validation failed for: homepage.pf-info.duckdns.org. Hint: Set the HOMEPAGE_ALLOWED_HOSTS environment variable to allow requests from this host / port.
[2025-05-12T22:21:31.855Z] error: Host validation failed for: homepage.pf-info.duckdns.org. Hint: Set the HOMEPAGE_ALLOWED_HOSTS environment variable to allow requests from this host / port.
[2025-05-12T22:21:31.856Z] error: Host validation failed for: homepage.pf-info.duckdns.org. Hint: Set the HOMEPAGE_ALLOWED_HOSTS environment variable to allow requests from this host / port.
[2025-05-12T22:21:31.860Z] error: Host validation failed for: homepage.pf-info.duckdns.org. Hint: Set the HOMEPAGE_ALLOWED_HOSTS environment variable to allow requests from this host / port.
[2025-05-12T22:21:31.863Z] error: Host validation failed for: homepage.pf-info.duckdns.org. Hint: Set the HOMEPAGE_ALLOWED_HOSTS environment variable to allow requests from this host / port.
[2025-05-12T22:21:31.865Z] error: Host validation failed for: homepage.pf-info.duckdns.org. Hint: Set the HOMEPAGE_ALLOWED_HOSTS environment variable to allow requests from this host / port.
[2025-05-12T22:21:31.868Z] error: Host validation failed for: homepage.pf-info.duckdns.org. Hint: Set the HOMEPAGE_ALLOWED_HOSTS environment variable to allow requests from this host / port.
[2025-05-12T22:21:31.869Z] error: Host validation failed for: homepage.pf-info.duckdns.org. Hint: Set the HOMEPAGE_ALLOWED_HOSTS environment variable to allow requests from this host / port.
[2025-05-12T22:21:31.902Z] error: Host validation failed for: homepage.pf-info.duckdns.org. Hint: Set the HOMEPAGE_ALLOWED_HOSTS environment variable to allow requests from this host / port.
[2025-05-12T22:21:41.251Z] error: Host validation failed for: homepage.pf-info.duckdns.org. Hint: Set the HOMEPAGE_ALLOWED_HOSTS environment variable to allow requests from this host / port.
[2025-05-12T22:21:41.346Z] error: Host validation failed for: homepage.pf-info.duckdns.org. Hint: Set the HOMEPAGE_ALLOWED_HOSTS environment variable to allow requests from this host / port.
[2025-05-12T22:21:41.350Z] error: Host validation failed for: homepage.pf-info.duckdns.org. Hint: Set the HOMEPAGE_ALLOWED_HOSTS environment variable to allow requests from this host / port.
[2025-05-12T22:21:41.354Z] error: Host validation failed for: homepage.pf-info.duckdns.org. Hint: Set the HOMEPAGE_ALLOWED_HOSTS environment variable to allow requests from this host / port.
[2025-05-12T22:21:41.356Z] error: Host validation failed for: homepage.pf-info.duckdns.org. Hint: Set the HOMEPAGE_ALLOWED_HOSTS environment variable to allow requests from this host / port.
[2025-05-12T22:21:41.360Z] error: Host validation failed for: homepage.pf-info.duckdns.org. Hint: Set the HOMEPAGE_ALLOWED_HOSTS environment variable to allow requests from this host / port.
[2025-05-12T22:21:41.362Z] error: Host validation failed for: homepage.pf-info.duckdns.org. Hint: Set the HOMEPAGE_ALLOWED_HOSTS environment variable to allow requests from this host / port.
[2025-05-12T22:21:41.365Z] error: Host validation failed for: homepage.pf-info.duckdns.org. Hint: Set the HOMEPAGE_ALLOWED_HOSTS environment variable to allow requests from this host / port.
[2025-05-12T22:21:41.368Z] error: Host validation failed for: homepage.pf-info.duckdns.org. Hint: Set the HOMEPAGE_ALLOWED_HOSTS environment variable to allow requests from this host / port.
[2025-05-12T22:21:41.371Z] error: Host validation failed for: homepage.pf-info.duckdns.org. Hint: Set the HOMEPAGE_ALLOWED_HOSTS environment variable to allow requests from this host / port.
[2025-05-12T22:21:41.374Z] error: Host validation failed for: homepage.pf-info.duckdns.org. Hint: Set the HOMEPAGE_ALLOWED_HOSTS environment variable to allow requests from this host / port.
[2025-05-12T22:21:41.384Z] error: Host validation failed for: homepage.pf-info.duckdns.org. Hint: Set the HOMEPAGE_ALLOWED_HOSTS environment variable to allow requests from this host / port.
[2025-05-12T22:21:41.424Z] error: Host validation failed for: homepage.pf-info.duckdns.org. Hint: Set the HOMEPAGE_ALLOWED_HOSTS environment variable to allow requests from this host / port.
[2025-05-12T22:21:57.054Z] error: Host validation failed for: homepage.pf-info.duckdns.org. Hint: Set the HOMEPAGE_ALLOWED_HOSTS environment variable to allow requests from this host / port.
[2025-05-12T22:21:57.056Z] error: Host validation failed for: homepage.pf-info.duckdns.org. Hint: Set the HOMEPAGE_ALLOWED_HOSTS environment variable to allow requests from this host / port.
[2025-05-20T19:39:38.211Z] error: Host validation failed for: homepage.pf-info.duckdns.org. Hint: Set the HOMEPAGE_ALLOWED_HOSTS environment variable to allow requests from this host / port.
[2025-05-20T19:39:39.062Z] error: Host validation failed for: homepage.pf-info.duckdns.org. Hint: Set the HOMEPAGE_ALLOWED_HOSTS environment variable to allow requests from this host / port.
[2025-05-20T19:39:39.195Z] error: Host validation failed for: homepage.pf-info.duckdns.org. Hint: Set the HOMEPAGE_ALLOWED_HOSTS environment variable to allow requests from this host / port.
[2025-05-20T19:39:39.200Z] error: Host validation failed for: homepage.pf-info.duckdns.org. Hint: Set the HOMEPAGE_ALLOWED_HOSTS environment variable to allow requests from this host / port.
[2025-05-20T19:39:39.205Z] error: Host validation failed for: homepage.pf-info.duckdns.org. Hint: Set the HOMEPAGE_ALLOWED_HOSTS environment variable to allow requests from this host / port.
[2025-05-20T19:39:39.209Z] error: Host validation failed for: homepage.pf-info.duckdns.org. Hint: Set the HOMEPAGE_ALLOWED_HOSTS environment variable to allow requests from this host / port.
[2025-05-20T19:39:39.212Z] error: Host validation failed for: homepage.pf-info.duckdns.org. Hint: Set the HOMEPAGE_ALLOWED_HOSTS environment variable to allow requests from this host / port.
[2025-05-20T19:39:39.216Z] error: Host validation failed for: homepage.pf-info.duckdns.org. Hint: Set the HOMEPAGE_ALLOWED_HOSTS environment variable to allow requests from this host / port.
[2025-05-20T19:39:39.222Z] error: Host validation failed for: homepage.pf-info.duckdns.org. Hint: Set the HOMEPAGE_ALLOWED_HOSTS environment variable to allow requests from this host / port.
[2025-05-20T19:39:39.228Z] error: Host validation failed for: homepage.pf-info.duckdns.org. Hint: Set the HOMEPAGE_ALLOWED_HOSTS environment variable to allow requests from this host / port.
[2025-05-20T19:39:39.232Z] error: Host validation failed for: homepage.pf-info.duckdns.org. Hint: Set the HOMEPAGE_ALLOWED_HOSTS environment variable to allow requests from this host / port.
[2025-05-20T19:39:39.334Z] error: Host validation failed for: homepage.pf-info.duckdns.org. Hint: Set the HOMEPAGE_ALLOWED_HOSTS environment variable to allow requests from this host / port.
[2025-05-20T19:39:39.339Z] error: Host validation failed for: homepage.pf-info.duckdns.org. Hint: Set the HOMEPAGE_ALLOWED_HOSTS environment variable to allow requests from this host / port.
[2025-05-20T19:39:39.403Z] error: Host validation failed for: homepage.pf-info.duckdns.org. Hint: Set the HOMEPAGE_ALLOWED_HOSTS environment variable to allow requests from this host / port.
[2025-05-21T22:25:36.256Z] error: Host validation failed for: homepage.pf-info.duckdns.org. Hint: Set the HOMEPAGE_ALLOWED_HOSTS environment variable to allow requests from this host / port.
[2025-05-21T22:25:36.828Z] error: Host validation failed for: homepage.pf-info.duckdns.org. Hint: Set the HOMEPAGE_ALLOWED_HOSTS environment variable to allow requests from this host / port.
[2025-05-21T22:25:36.944Z] error: Host validation failed for: homepage.pf-info.duckdns.org. Hint: Set the HOMEPAGE_ALLOWED_HOSTS environment variable to allow requests from this host / port.
[2025-05-21T22:25:36.950Z] error: Host validation failed for: homepage.pf-info.duckdns.org. Hint: Set the HOMEPAGE_ALLOWED_HOSTS environment variable to allow requests from this host / port.
[2025-05-21T22:25:36.954Z] error: Host validation failed for: homepage.pf-info.duckdns.org. Hint: Set the HOMEPAGE_ALLOWED_HOSTS environment variable to allow requests from this host / port.
[2025-05-21T22:25:36.958Z] error: Host validation failed for: homepage.pf-info.duckdns.org. Hint: Set the HOMEPAGE_ALLOWED_HOSTS environment variable to allow requests from this host / port.
[2025-05-21T22:25:36.961Z] error: Host validation failed for: homepage.pf-info.duckdns.org. Hint: Set the HOMEPAGE_ALLOWED_HOSTS environment variable to allow requests from this host / port.
[2025-05-21T22:25:36.966Z] error: Host validation failed for: homepage.pf-info.duckdns.org. Hint: Set the HOMEPAGE_ALLOWED_HOSTS environment variable to allow requests from this host / port.
[2025-05-21T22:25:36.970Z] error: Host validation failed for: homepage.pf-info.duckdns.org. Hint: Set the HOMEPAGE_ALLOWED_HOSTS environment variable to allow requests from this host / port.
[2025-05-21T22:25:36.974Z] error: Host validation failed for: homepage.pf-info.duckdns.org. Hint: Set the HOMEPAGE_ALLOWED_HOSTS environment variable to allow requests from this host / port.
[2025-05-21T22:25:36.978Z] error: Host validation failed for: homepage.pf-info.duckdns.org. Hint: Set the HOMEPAGE_ALLOWED_HOSTS environment variable to allow requests from this host / port.
[2025-05-21T22:25:36.981Z] error: Host validation failed for: homepage.pf-info.duckdns.org. Hint: Set the HOMEPAGE_ALLOWED_HOSTS environment variable to allow requests from this host / port.
[2025-05-21T22:25:37.006Z] error: Host validation failed for: homepage.pf-info.duckdns.org. Hint: Set the HOMEPAGE_ALLOWED_HOSTS environment variable to allow requests from this host / port.
[2025-05-21T22:25:37.073Z] error: Host validation failed for: homepage.pf-info.duckdns.org. Hint: Set the HOMEPAGE_ALLOWED_HOSTS environment variable to allow requests from this host / port.
[2025-05-21T22:31:26.283Z] error: Host validation failed for: homepage.pf-info.duckdns.org. Hint: Set the HOMEPAGE_ALLOWED_HOSTS environment variable to allow requests from this host / port.
[2025-05-21T22:31:26.508Z] error: Host validation failed for: homepage.pf-info.duckdns.org. Hint: Set the HOMEPAGE_ALLOWED_HOSTS environment variable to allow requests from this host / port.
[2025-05-21T22:31:26.610Z] error: Host validation failed for: homepage.pf-info.duckdns.org. Hint: Set the HOMEPAGE_ALLOWED_HOSTS environment variable to allow requests from this host / port.
[2025-05-21T22:31:26.617Z] error: Host validation failed for: homepage.pf-info.duckdns.org. Hint: Set the HOMEPAGE_ALLOWED_HOSTS environment variable to allow requests from this host / port.
[2025-05-21T22:31:26.619Z] error: Host validation failed for: homepage.pf-info.duckdns.org. Hint: Set the HOMEPAGE_ALLOWED_HOSTS environment variable to allow requests from this host / port.
[2025-05-21T22:31:26.621Z] error: Host validation failed for: homepage.pf-info.duckdns.org. Hint: Set the HOMEPAGE_ALLOWED_HOSTS environment variable to allow requests from this host / port.
[2025-05-21T22:31:26.625Z] error: Host validation failed for: homepage.pf-info.duckdns.org. Hint: Set the HOMEPAGE_ALLOWED_HOSTS environment variable to allow requests from this host / port.
[2025-05-21T22:31:26.629Z] error: Host validation failed for: homepage.pf-info.duckdns.org. Hint: Set the HOMEPAGE_ALLOWED_HOSTS environment variable to allow requests from this host / port.
[2025-05-21T22:31:26.637Z] error: Host validation failed for: homepage.pf-info.duckdns.org. Hint: Set the HOMEPAGE_ALLOWED_HOSTS environment variable to allow requests from this host / port.
[2025-05-21T22:31:26.639Z] error: Host validation failed for: homepage.pf-info.duckdns.org. Hint: Set the HOMEPAGE_ALLOWED_HOSTS environment variable to allow requests from this host / port.
[2025-05-21T22:31:26.642Z] error: Host validation failed for: homepage.pf-info.duckdns.org. Hint: Set the HOMEPAGE_ALLOWED_HOSTS environment variable to allow requests from this host / port.
[2025-05-21T22:31:26.643Z] error: Host validation failed for: homepage.pf-info.duckdns.org. Hint: Set the HOMEPAGE_ALLOWED_HOSTS environment variable to allow requests from this host / port.
[2025-05-21T22:31:26.660Z] error: Host validation failed for: homepage.pf-info.duckdns.org. Hint: Set the HOMEPAGE_ALLOWED_HOSTS environment variable to allow requests from this host / port.
[2025-05-21T22:31:26.723Z] error: Host validation failed for: homepage.pf-info.duckdns.org. Hint: Set the HOMEPAGE_ALLOWED_HOSTS environment variable to allow requests from this host / port.
[2025-05-21T22:33:30.818Z] error: Host validation failed for: homepage.pf-info.duckdns.org. Hint: Set the HOMEPAGE_ALLOWED_HOSTS environment variable to allow requests from this host / port.
[2025-05-21T22:33:31.099Z] error: Host validation failed for: homepage.pf-info.duckdns.org. Hint: Set the HOMEPAGE_ALLOWED_HOSTS environment variable to allow requests from this host / port.
[2025-05-21T22:33:31.103Z] error: Host validation failed for: homepage.pf-info.duckdns.org. Hint: Set the HOMEPAGE_ALLOWED_HOSTS environment variable to allow requests from this host / port.
[2025-05-21T22:33:31.107Z] error: Host validation failed for: homepage.pf-info.duckdns.org. Hint: Set the HOMEPAGE_ALLOWED_HOSTS environment variable to allow requests from this host / port.
[2025-05-21T22:33:31.111Z] error: Host validation failed for: homepage.pf-info.duckdns.org. Hint: Set the HOMEPAGE_ALLOWED_HOSTS environment variable to allow requests from this host / port.
[2025-05-21T22:33:31.115Z] error: Host validation failed for: homepage.pf-info.duckdns.org. Hint: Set the HOMEPAGE_ALLOWED_HOSTS environment variable to allow requests from this host / port.
[2025-05-21T22:33:31.117Z] error: Host validation failed for: homepage.pf-info.duckdns.org. Hint: Set the HOMEPAGE_ALLOWED_HOSTS environment variable to allow requests from this host / port.
[2025-05-21T22:33:31.122Z] error: Host validation failed for: homepage.pf-info.duckdns.org. Hint: Set the HOMEPAGE_ALLOWED_HOSTS environment variable to allow requests from this host / port.
[2025-05-21T22:33:31.127Z] error: Host validation failed for: homepage.pf-info.duckdns.org. Hint: Set the HOMEPAGE_ALLOWED_HOSTS environment variable to allow requests from this host / port.
[2025-05-21T22:33:31.132Z] error: Host validation failed for: homepage.pf-info.duckdns.org. Hint: Set the HOMEPAGE_ALLOWED_HOSTS environment variable to allow requests from this host / port.
[2025-05-21T22:33:31.139Z] error: Host validation failed for: homepage.pf-info.duckdns.org. Hint: Set the HOMEPAGE_ALLOWED_HOSTS environment variable to allow requests from this host / port.
[2025-05-21T22:33:31.146Z] error: Host validation failed for: homepage.pf-info.duckdns.org. Hint: Set the HOMEPAGE_ALLOWED_HOSTS environment variable to allow requests from this host / port.
[2025-05-21T22:33:31.377Z] error: Host validation failed for: homepage.pf-info.duckdns.org. Hint: Set the HOMEPAGE_ALLOWED_HOSTS environment variable to allow requests from this host / port.
[2025-05-21T22:44:03.070Z] error: Host validation failed for: homepage.pf-info.duckdns.org. Hint: Set the HOMEPAGE_ALLOWED_HOSTS environment variable to allow requests from this host / port.
[2025-05-21T22:44:03.077Z] error: Host validation failed for: homepage.pf-info.duckdns.org. Hint: Set the HOMEPAGE_ALLOWED_HOSTS environment variable to allow requests from this host / port.
[2025-05-29T16:02:43.890Z] error: Host validation failed for: homepage.pf-info.duckdns.org. Hint: Set the HOMEPAGE_ALLOWED_HOSTS environment variable to allow requests from this host / port.
[2025-05-29T16:02:44.269Z] error: Host validation failed for: homepage.pf-info.duckdns.org. Hint: Set the HOMEPAGE_ALLOWED_HOSTS environment variable to allow requests from this host / port.
[2025-05-29T16:02:44.272Z] error: Host validation failed for: homepage.pf-info.duckdns.org. Hint: Set the HOMEPAGE_ALLOWED_HOSTS environment variable to allow requests from this host / port.
[2025-05-29T16:02:44.278Z] error: Host validation failed for: homepage.pf-info.duckdns.org. Hint: Set the HOMEPAGE_ALLOWED_HOSTS environment variable to allow requests from this host / port.
[2025-05-29T16:02:44.285Z] error: Host validation failed for: homepage.pf-info.duckdns.org. Hint: Set the HOMEPAGE_ALLOWED_HOSTS environment variable to allow requests from this host / port.
[2025-05-29T16:02:44.289Z] error: Host validation failed for: homepage.pf-info.duckdns.org. Hint: Set the HOMEPAGE_ALLOWED_HOSTS environment variable to allow requests from this host / port.
[2025-05-29T16:02:44.291Z] error: Host validation failed for: homepage.pf-info.duckdns.org. Hint: Set the HOMEPAGE_ALLOWED_HOSTS environment variable to allow requests from this host / port.
[2025-05-29T16:02:44.301Z] error: Host validation failed for: homepage.pf-info.duckdns.org. Hint: Set the HOMEPAGE_ALLOWED_HOSTS environment variable to allow requests from this host / port.
[2025-05-29T16:02:44.304Z] error: Host validation failed for: homepage.pf-info.duckdns.org. Hint: Set the HOMEPAGE_ALLOWED_HOSTS environment variable to allow requests from this host / port.
[2025-05-29T16:02:44.308Z] error: Host validation failed for: homepage.pf-info.duckdns.org. Hint: Set the HOMEPAGE_ALLOWED_HOSTS environment variable to allow requests from this host / port.
[2025-05-29T16:02:44.311Z] error: Host validation failed for: homepage.pf-info.duckdns.org. Hint: Set the HOMEPAGE_ALLOWED_HOSTS environment variable to allow requests from this host / port.
[2025-05-29T16:02:44.374Z] error: Host validation failed for: homepage.pf-info.duckdns.org. Hint: Set the HOMEPAGE_ALLOWED_HOSTS environment variable to allow requests from this host / port.
[2025-05-29T16:04:19.262Z] error: Host validation failed for: homepage.pf-info.duckdns.org. Hint: Set the HOMEPAGE_ALLOWED_HOSTS environment variable to allow requests from this host / port.
[2025-05-29T16:04:19.275Z] error: Host validation failed for: homepage.pf-info.duckdns.org. Hint: Set the HOMEPAGE_ALLOWED_HOSTS environment variable to allow requests from this host / port.
[2025-05-29T16:04:20.823Z] error: Host validation failed for: homepage.pf-info.duckdns.org. Hint: Set the HOMEPAGE_ALLOWED_HOSTS environment variable to allow requests from this host / port.
[2025-05-29T16:04:20.923Z] error: Host validation failed for: homepage.pf-info.duckdns.org. Hint: Set the HOMEPAGE_ALLOWED_HOSTS environment variable to allow requests from this host / port.
[2025-05-29T16:04:20.930Z] error: Host validation failed for: homepage.pf-info.duckdns.org. Hint: Set the HOMEPAGE_ALLOWED_HOSTS environment variable to allow requests from this host / port.
[2025-05-29T16:04:20.940Z] error: Host validation failed for: homepage.pf-info.duckdns.org. Hint: Set the HOMEPAGE_ALLOWED_HOSTS environment variable to allow requests from this host / port.
[2025-05-29T16:04:20.950Z] error: Host validation failed for: homepage.pf-info.duckdns.org. Hint: Set the HOMEPAGE_ALLOWED_HOSTS environment variable to allow requests from this host / port.
[2025-05-29T16:04:20.953Z] error: Host validation failed for: homepage.pf-info.duckdns.org. Hint: Set the HOMEPAGE_ALLOWED_HOSTS environment variable to allow requests from this host / port.
[2025-05-29T16:04:20.958Z] error: Host validation failed for: homepage.pf-info.duckdns.org. Hint: Set the HOMEPAGE_ALLOWED_HOSTS environment variable to allow requests from this host / port.
[2025-05-29T16:04:20.966Z] error: Host validation failed for: homepage.pf-info.duckdns.org. Hint: Set the HOMEPAGE_ALLOWED_HOSTS environment variable to allow requests from this host / port.
[2025-05-29T16:04:20.969Z] error: Host validation failed for: homepage.pf-info.duckdns.org. Hint: Set the HOMEPAGE_ALLOWED_HOSTS environment variable to allow requests from this host / port.
[2025-05-29T16:04:20.984Z] error: Host validation failed for: homepage.pf-info.duckdns.org. Hint: Set the HOMEPAGE_ALLOWED_HOSTS environment variable to allow requests from this host / port.
[2025-05-29T16:04:20.989Z] error: Host validation failed for: homepage.pf-info.duckdns.org. Hint: Set the HOMEPAGE_ALLOWED_HOSTS environment variable to allow requests from this host / port.
[2025-05-29T16:04:20.995Z] error: Host validation failed for: homepage.pf-info.duckdns.org. Hint: Set the HOMEPAGE_ALLOWED_HOSTS environment variable to allow requests from this host / port.
[2025-05-29T16:04:21.078Z] error: Host validation failed for: homepage.pf-info.duckdns.org. Hint: Set the HOMEPAGE_ALLOWED_HOSTS environment variable to allow requests from this host / port.
[2025-05-29T16:04:21.952Z] error: Host validation failed for: homepage.pf-info.duckdns.org. Hint: Set the HOMEPAGE_ALLOWED_HOSTS environment variable to allow requests from this host / port.
[2025-05-29T16:04:22.049Z] error: Host validation failed for: homepage.pf-info.duckdns.org. Hint: Set the HOMEPAGE_ALLOWED_HOSTS environment variable to allow requests from this host / port.
[2025-05-29T16:04:22.054Z] error: Host validation failed for: homepage.pf-info.duckdns.org. Hint: Set the HOMEPAGE_ALLOWED_HOSTS environment variable to allow requests from this host / port.
[2025-05-29T16:04:22.057Z] error: Host validation failed for: homepage.pf-info.duckdns.org. Hint: Set the HOMEPAGE_ALLOWED_HOSTS environment variable to allow requests from this host / port.
[2025-05-29T16:04:22.059Z] error: Host validation failed for: homepage.pf-info.duckdns.org. Hint: Set the HOMEPAGE_ALLOWED_HOSTS environment variable to allow requests from this host / port.
[2025-05-29T16:04:22.068Z] error: Host validation failed for: homepage.pf-info.duckdns.org. Hint: Set the HOMEPAGE_ALLOWED_HOSTS environment variable to allow requests from this host / port.
[2025-05-29T16:04:22.070Z] error: Host validation failed for: homepage.pf-info.duckdns.org. Hint: Set the HOMEPAGE_ALLOWED_HOSTS environment variable to allow requests from this host / port.
[2025-05-29T16:04:22.074Z] error: Host validation failed for: homepage.pf-info.duckdns.org. Hint: Set the HOMEPAGE_ALLOWED_HOSTS environment variable to allow requests from this host / port.
[2025-05-29T16:04:22.079Z] error: Host validation failed for: homepage.pf-info.duckdns.org. Hint: Set the HOMEPAGE_ALLOWED_HOSTS environment variable to allow requests from this host / port.
[2025-05-29T16:04:22.086Z] error: Host validation failed for: homepage.pf-info.duckdns.org. Hint: Set the HOMEPAGE_ALLOWED_HOSTS environment variable to allow requests from this host / port.
[2025-05-29T16:04:22.091Z] error: Host validation failed for: homepage.pf-info.duckdns.org. Hint: Set the HOMEPAGE_ALLOWED_HOSTS environment variable to allow requests from this host / port.
[2025-05-29T16:04:22.110Z] error: Host validation failed for: homepage.pf-info.duckdns.org. Hint: Set the HOMEPAGE_ALLOWED_HOSTS environment variable to allow requests from this host / port.
[2025-05-29T16:04:22.211Z] error: Host validation failed for: homepage.pf-info.duckdns.org. Hint: Set the HOMEPAGE_ALLOWED_HOSTS environment variable to allow requests from this host / port.
[2025-05-29T16:04:23.018Z] error: Host validation failed for: homepage.pf-info.duckdns.org. Hint: Set the HOMEPAGE_ALLOWED_HOSTS environment variable to allow requests from this host / port.
[2025-05-29T16:04:23.101Z] error: Host validation failed for: homepage.pf-info.duckdns.org. Hint: Set the HOMEPAGE_ALLOWED_HOSTS environment variable to allow requests from this host / port.
[2025-05-29T16:04:23.104Z] error: Host validation failed for: homepage.pf-info.duckdns.org. Hint: Set the HOMEPAGE_ALLOWED_HOSTS environment variable to allow requests from this host / port.
[2025-05-29T16:04:23.106Z] error: Host validation failed for: homepage.pf-info.duckdns.org. Hint: Set the HOMEPAGE_ALLOWED_HOSTS environment variable to allow requests from this host / port.
[2025-05-29T16:04:23.109Z] error: Host validation failed for: homepage.pf-info.duckdns.org. Hint: Set the HOMEPAGE_ALLOWED_HOSTS environment variable to allow requests from this host / port.
[2025-05-29T16:04:23.129Z] error: Host validation failed for: homepage.pf-info.duckdns.org. Hint: Set the HOMEPAGE_ALLOWED_HOSTS environment variable to allow requests from this host / port.
[2025-05-29T16:04:23.132Z] error: Host validation failed for: homepage.pf-info.duckdns.org. Hint: Set the HOMEPAGE_ALLOWED_HOSTS environment variable to allow requests from this host / port.
[2025-05-29T16:04:23.133Z] error: Host validation failed for: homepage.pf-info.duckdns.org. Hint: Set the HOMEPAGE_ALLOWED_HOSTS environment variable to allow requests from this host / port.
[2025-05-29T16:04:23.135Z] error: Host validation failed for: homepage.pf-info.duckdns.org. Hint: Set the HOMEPAGE_ALLOWED_HOSTS environment variable to allow requests from this host / port.
[2025-05-29T16:04:23.137Z] error: Host validation failed for: homepage.pf-info.duckdns.org. Hint: Set the HOMEPAGE_ALLOWED_HOSTS environment variable to allow requests from this host / port.
[2025-05-29T16:04:23.140Z] error: Host validation failed for: homepage.pf-info.duckdns.org. Hint: Set the HOMEPAGE_ALLOWED_HOSTS environment variable to allow requests from this host / port.
[2025-05-29T16:04:23.144Z] error: Host validation failed for: homepage.pf-info.duckdns.org. Hint: Set the HOMEPAGE_ALLOWED_HOSTS environment variable to allow requests from this host / port.
[2025-05-29T16:04:23.233Z] error: Host validation failed for: homepage.pf-info.duckdns.org. Hint: Set the HOMEPAGE_ALLOWED_HOSTS environment variable to allow requests from this host / port.
[2025-05-29T16:04:27.009Z] error: Host validation failed for: homepage.pf-info.duckdns.org. Hint: Set the HOMEPAGE_ALLOWED_HOSTS environment variable to allow requests from this host / port.
[2025-05-29T16:04:28.321Z] error: Host validation failed for: homepage.pf-info.duckdns.org. Hint: Set the HOMEPAGE_ALLOWED_HOSTS environment variable to allow requests from this host / port.
[2025-05-29T16:04:28.427Z] error: Host validation failed for: homepage.pf-info.duckdns.org. Hint: Set the HOMEPAGE_ALLOWED_HOSTS environment variable to allow requests from this host / port.
[2025-05-29T16:04:28.430Z] error: Host validation failed for: homepage.pf-info.duckdns.org. Hint: Set the HOMEPAGE_ALLOWED_HOSTS environment variable to allow requests from this host / port.
[2025-05-29T16:04:28.433Z] error: Host validation failed for: homepage.pf-info.duckdns.org. Hint: Set the HOMEPAGE_ALLOWED_HOSTS environment variable to allow requests from this host / port.
[2025-05-29T16:04:28.434Z] error: Host validation failed for: homepage.pf-info.duckdns.org. Hint: Set the HOMEPAGE_ALLOWED_HOSTS environment variable to allow requests from this host / port.
[2025-05-29T16:04:28.436Z] error: Host validation failed for: homepage.pf-info.duckdns.org. Hint: Set the HOMEPAGE_ALLOWED_HOSTS environment variable to allow requests from this host / port.
[2025-05-29T16:04:28.437Z] error: Host validation failed for: homepage.pf-info.duckdns.org. Hint: Set the HOMEPAGE_ALLOWED_HOSTS environment variable to allow requests from this host / port.
[2025-05-29T16:04:28.439Z] error: Host validation failed for: homepage.pf-info.duckdns.org. Hint: Set the HOMEPAGE_ALLOWED_HOSTS environment variable to allow requests from this host / port.
[2025-05-29T16:04:28.445Z] error: Host validation failed for: homepage.pf-info.duckdns.org. Hint: Set the HOMEPAGE_ALLOWED_HOSTS environment variable to allow requests from this host / port.
[2025-05-29T16:04:28.448Z] error: Host validation failed for: homepage.pf-info.duckdns.org. Hint: Set the HOMEPAGE_ALLOWED_HOSTS environment variable to allow requests from this host / port.
[2025-05-29T16:04:28.452Z] error: Host validation failed for: homepage.pf-info.duckdns.org. Hint: Set the HOMEPAGE_ALLOWED_HOSTS environment variable to allow requests from this host / port.
[2025-05-29T16:04:28.455Z] error: Host validation failed for: homepage.pf-info.duckdns.org. Hint: Set the HOMEPAGE_ALLOWED_HOSTS environment variable to allow requests from this host / port.
[2025-05-29T16:04:28.562Z] error: Host validation failed for: homepage.pf-info.duckdns.org. Hint: Set the HOMEPAGE_ALLOWED_HOSTS environment variable to allow requests from this host / port.
[2025-05-29T16:04:33.552Z] error: Host validation failed for: homepage.pf-info.duckdns.org. Hint: Set the HOMEPAGE_ALLOWED_HOSTS environment variable to allow requests from this host / port.
[2025-05-29T16:04:33.647Z] error: Host validation failed for: homepage.pf-info.duckdns.org. Hint: Set the HOMEPAGE_ALLOWED_HOSTS environment variable to allow requests from this host / port.
[2025-05-29T16:04:33.651Z] error: Host validation failed for: homepage.pf-info.duckdns.org. Hint: Set the HOMEPAGE_ALLOWED_HOSTS environment variable to allow requests from this host / port.
[2025-05-29T16:04:33.657Z] error: Host validation failed for: homepage.pf-info.duckdns.org. Hint: Set the HOMEPAGE_ALLOWED_HOSTS environment variable to allow requests from this host / port.
[2025-05-29T16:04:33.667Z] error: Host validation failed for: homepage.pf-info.duckdns.org. Hint: Set the HOMEPAGE_ALLOWED_HOSTS environment variable to allow requests from this host / port.
[2025-05-29T16:04:33.671Z] error: Host validation failed for: homepage.pf-info.duckdns.org. Hint: Set the HOMEPAGE_ALLOWED_HOSTS environment variable to allow requests from this host / port.
[2025-05-29T16:04:33.677Z] error: Host validation failed for: homepage.pf-info.duckdns.org. Hint: Set the HOMEPAGE_ALLOWED_HOSTS environment variable to allow requests from this host / port.
[2025-05-29T16:04:33.679Z] error: Host validation failed for: homepage.pf-info.duckdns.org. Hint: Set the HOMEPAGE_ALLOWED_HOSTS environment variable to allow requests from this host / port.
[2025-05-29T16:04:33.681Z] error: Host validation failed for: homepage.pf-info.duckdns.org. Hint: Set the HOMEPAGE_ALLOWED_HOSTS environment variable to allow requests from this host / port.
[2025-05-29T16:04:33.684Z] error: Host validation failed for: homepage.pf-info.duckdns.org. Hint: Set the HOMEPAGE_ALLOWED_HOSTS environment variable to allow requests from this host / port.
[2025-05-29T16:04:33.687Z] error: Host validation failed for: homepage.pf-info.duckdns.org. Hint: Set the HOMEPAGE_ALLOWED_HOSTS environment variable to allow requests from this host / port.
[2025-05-29T16:04:33.689Z] error: Host validation failed for: homepage.pf-info.duckdns.org. Hint: Set the HOMEPAGE_ALLOWED_HOSTS environment variable to allow requests from this host / port.
[2025-05-29T16:04:33.789Z] error: Host validation failed for: homepage.pf-info.duckdns.org. Hint: Set the HOMEPAGE_ALLOWED_HOSTS environment variable to allow requests from this host / port.
[2025-05-29T16:04:34.821Z] error: Host validation failed for: homepage.pf-info.duckdns.org. Hint: Set the HOMEPAGE_ALLOWED_HOSTS environment variable to allow requests from this host / port.
[2025-05-29T16:04:34.904Z] error: Host validation failed for: homepage.pf-info.duckdns.org. Hint: Set the HOMEPAGE_ALLOWED_HOSTS environment variable to allow requests from this host / port.
[2025-05-29T16:04:34.908Z] error: Host validation failed for: homepage.pf-info.duckdns.org. Hint: Set the HOMEPAGE_ALLOWED_HOSTS environment variable to allow requests from this host / port.
[2025-05-29T16:04:34.911Z] error: Host validation failed for: homepage.pf-info.duckdns.org. Hint: Set the HOMEPAGE_ALLOWED_HOSTS environment variable to allow requests from this host / port.
[2025-05-29T16:04:34.913Z] error: Host validation failed for: homepage.pf-info.duckdns.org. Hint: Set the HOMEPAGE_ALLOWED_HOSTS environment variable to allow requests from this host / port.
[2025-05-29T16:04:34.915Z] error: Host validation failed for: homepage.pf-info.duckdns.org. Hint: Set the HOMEPAGE_ALLOWED_HOSTS environment variable to allow requests from this host / port.
[2025-05-29T16:04:34.917Z] error: Host validation failed for: homepage.pf-info.duckdns.org. Hint: Set the HOMEPAGE_ALLOWED_HOSTS environment variable to allow requests from this host / port.
[2025-05-29T16:04:34.919Z] error: Host validation failed for: homepage.pf-info.duckdns.org. Hint: Set the HOMEPAGE_ALLOWED_HOSTS environment variable to allow requests from this host / port.
[2025-05-29T16:04:34.922Z] error: Host validation failed for: homepage.pf-info.duckdns.org. Hint: Set the HOMEPAGE_ALLOWED_HOSTS environment variable to allow requests from this host / port.
[2025-05-29T16:04:34.923Z] error: Host validation failed for: homepage.pf-info.duckdns.org. Hint: Set the HOMEPAGE_ALLOWED_HOSTS environment variable to allow requests from this host / port.
[2025-05-29T16:04:34.926Z] error: Host validation failed for: homepage.pf-info.duckdns.org. Hint: Set the HOMEPAGE_ALLOWED_HOSTS environment variable to allow requests from this host / port.
[2025-05-29T16:04:34.932Z] error: Host validation failed for: homepage.pf-info.duckdns.org. Hint: Set the HOMEPAGE_ALLOWED_HOSTS environment variable to allow requests from this host / port.
[2025-05-29T16:04:35.016Z] error: Host validation failed for: homepage.pf-info.duckdns.org. Hint: Set the HOMEPAGE_ALLOWED_HOSTS environment variable to allow requests from this host / port.
[2025-05-29T16:06:05.117Z] error: Host validation failed for: homepage.pf-info.duckdns.org. Hint: Set the HOMEPAGE_ALLOWED_HOSTS environment variable to allow requests from this host / port.
[2025-05-29T16:06:05.130Z] error: Host validation failed for: homepage.pf-info.duckdns.org. Hint: Set the HOMEPAGE_ALLOWED_HOSTS environment variable to allow requests from this host / port.
[2025-05-29T16:06:05.135Z] error: Host validation failed for: homepage.pf-info.duckdns.org. Hint: Set the HOMEPAGE_ALLOWED_HOSTS environment variable to allow requests from this host / port.
[2025-05-29T16:06:05.226Z] error: Host validation failed for: homepage.pf-info.duckdns.org. Hint: Set the HOMEPAGE_ALLOWED_HOSTS environment variable to allow requests from this host / port.
[2025-05-29T16:06:05.328Z] error: Host validation failed for: homepage.pf-info.duckdns.org. Hint: Set the HOMEPAGE_ALLOWED_HOSTS environment variable to allow requests from this host / port.
[2025-05-29T16:06:05.332Z] error: Host validation failed for: homepage.pf-info.duckdns.org. Hint: Set the HOMEPAGE_ALLOWED_HOSTS environment variable to allow requests from this host / port.
[2025-05-29T16:06:05.338Z] error: Host validation failed for: homepage.pf-info.duckdns.org. Hint: Set the HOMEPAGE_ALLOWED_HOSTS environment variable to allow requests from this host / port.
[2025-05-29T16:06:05.342Z] error: Host validation failed for: homepage.pf-info.duckdns.org. Hint: Set the HOMEPAGE_ALLOWED_HOSTS environment variable to allow requests from this host / port.
[2025-05-29T16:06:05.355Z] error: Host validation failed for: homepage.pf-info.duckdns.org. Hint: Set the HOMEPAGE_ALLOWED_HOSTS environment variable to allow requests from this host / port.
[2025-05-29T16:06:05.360Z] error: Host validation failed for: homepage.pf-info.duckdns.org. Hint: Set the HOMEPAGE_ALLOWED_HOSTS environment variable to allow requests from this host / port.
[2025-05-29T16:06:05.364Z] error: Host validation failed for: homepage.pf-info.duckdns.org. Hint: Set the HOMEPAGE_ALLOWED_HOSTS environment variable to allow requests from this host / port.
[2025-05-29T16:06:05.370Z] error: Host validation failed for: homepage.pf-info.duckdns.org. Hint: Set the HOMEPAGE_ALLOWED_HOSTS environment variable to allow requests from this host / port.
[2025-05-29T16:06:05.373Z] error: Host validation failed for: homepage.pf-info.duckdns.org. Hint: Set the HOMEPAGE_ALLOWED_HOSTS environment variable to allow requests from this host / port.
[2025-05-29T16:06:05.377Z] error: Host validation failed for: homepage.pf-info.duckdns.org. Hint: Set the HOMEPAGE_ALLOWED_HOSTS environment variable to allow requests from this host / port.
[2025-05-29T16:06:05.382Z] error: Host validation failed for: homepage.pf-info.duckdns.org. Hint: Set the HOMEPAGE_ALLOWED_HOSTS environment variable to allow requests from this host / port.
[2025-05-29T16:06:05.500Z] error: Host validation failed for: homepage.pf-info.duckdns.org. Hint: Set the HOMEPAGE_ALLOWED_HOSTS environment variable to allow requests from this host / port.
[2025-05-29T16:07:27.301Z] error: Host validation failed for: homepage.pf-info.duckdns.org. Hint: Set the HOMEPAGE_ALLOWED_HOSTS environment variable to allow requests from this host / port.
[2025-05-29T16:07:27.306Z] error: Host validation failed for: homepage.pf-info.duckdns.org. Hint: Set the HOMEPAGE_ALLOWED_HOSTS environment variable to allow requests from this host / port.
[2025-05-29T16:10:01.974Z] info: bookmarks.yaml was copied to the config folder
[2025-05-29T16:10:01.981Z] info: docker.yaml was copied to the config folder
[2025-05-29T16:10:01.982Z] info: services.yaml was copied to the config folder
[2025-05-29T16:10:02.011Z] info: widgets.yaml was copied to the config folder
[2025-05-29T16:10:02.011Z] info: custom.css was copied to the config folder
[2025-05-29T16:10:02.012Z] info: custom.js was copied to the config folder
